# JRE version: OpenJDK Runtime Environment (11.0.2+9) (build 11.0.2+9)
# Java VM: OpenJDK 64-Bit Server VM (11.0.2+9, mixed mode, tiered, compressed oops, g1 gc, windows-amd64)
Heap:
 garbage-first heap   total 398336K, used 159609K [0x0000000701600000, 0x0000000800000000)
  region size 1024K, 75 young (76800K), 9 survivors (9216K)
 Metaspace       used 77457K, capacity 81290K, committed 81436K, reserved 1120256K
  class space    used 9623K, capacity 11119K, committed 11132K, reserved 1048576K
GC Heap History (10 events):
Event: 1935.883 GC heap before
{Heap before GC invocations=34 (full 0):
 garbage-first heap   total 398336K, used 322934K [0x0000000701600000, 0x0000000800000000)
  region size 1024K, 233 young (238592K), 8 survivors (8192K)
 Metaspace       used 77434K, capacity 81289K, committed 81436K, reserved 1120256K
  class space    used 9622K, capacity 11119K, committed 11132K, reserved 1048576K
}
Event: 1935.888 GC heap after
{Heap after GC invocations=35 (full 0):
 garbage-first heap   total 398336K, used 91196K [0x0000000701600000, 0x0000000800000000)
  region size 1024K, 6 young (6144K), 6 survivors (6144K)
 Metaspace       used 77434K, capacity 81289K, committed 81436K, reserved 1120256K
  class space    used 9622K, capacity 11119K, committed 11132K, reserved 1048576K
}
Event: 1938.709 GC heap before
{Heap before GC invocations=35 (full 0):
 garbage-first heap   total 398336K, used 322620K [0x0000000701600000, 0x0000000800000000)
  region size 1024K, 233 young (238592K), 6 survivors (6144K)
 Metaspace       used 77436K, capacity 81289K, committed 81436K, reserved 1120256K
  class space    used 9623K, capacity 11119K, committed 11132K, reserved 1048576K
}
Event: 1938.714 GC heap after
{Heap after GC invocations=36 (full 0):
 garbage-first heap   total 398336K, used 92226K [0x0000000701600000, 0x0000000800000000)
  region size 1024K, 7 young (7168K), 7 survivors (7168K)
 Metaspace       used 77436K, capacity 81289K, committed 81436K, reserved 1120256K
  class space    used 9623K, capacity 11119K, committed 11132K, reserved 1048576K
}
Event: 1952.816 GC heap before
{Heap before GC invocations=36 (full 0):
 garbage-first heap   total 398336K, used 322626K [0x0000000701600000, 0x0000000800000000)
  region size 1024K, 233 young (238592K), 7 survivors (7168K)
 Metaspace       used 77437K, capacity 81289K, committed 81436K, reserved 1120256K
  class space    used 9623K, capacity 11119K, committed 11132K, reserved 1048576K
}
Event: 1952.822 GC heap after
{Heap after GC invocations=37 (full 0):
 garbage-first heap   total 398336K, used 94429K [0x0000000701600000, 0x0000000800000000)
  region size 1024K, 9 young (9216K), 9 survivors (9216K)
 Metaspace       used 77437K, capacity 81289K, committed 81436K, reserved 1120256K
  class space    used 9623K, capacity 11119K, committed 11132K, reserved 1048576K
}
Event: 2059.222 GC heap before
{Heap before GC invocations=37 (full 0):
 garbage-first heap   total 398336K, used 322781K [0x0000000701600000, 0x0000000800000000)
  region size 1024K, 233 young (238592K), 9 survivors (9216K)
 Metaspace       used 77440K, capacity 81289K, committed 81436K, reserved 1120256K
  class space    used 9623K, capacity 11119K, committed 11132K, reserved 1048576K
}
Event: 2059.230 GC heap after
{Heap after GC invocations=38 (full 0):
 garbage-first heap   total 398336K, used 92534K [0x0000000701600000, 0x0000000800000000)
  region size 1024K, 7 young (7168K), 7 survivors (7168K)
 Metaspace       used 77440K, capacity 81289K, committed 81436K, reserved 1120256K
  class space    used 9623K, capacity 11119K, committed 11132K, reserved 1048576K
}
Event: 2078.844 GC heap before
{Heap before GC invocations=38 (full 0):
 garbage-first heap   total 398336K, used 323958K [0x0000000701600000, 0x0000000800000000)
  region size 1024K, 233 young (238592K), 7 survivors (7168K)
 Metaspace       used 77445K, capacity 81289K, committed 81436K, reserved 1120256K
  class space    used 9623K, capacity 11119K, committed 11132K, reserved 1048576K
}
Event: 2078.849 GC heap after
{Heap after GC invocations=39 (full 0):
 garbage-first heap   total 398336K, used 94073K [0x0000000701600000, 0x0000000800000000)
  region size 1024K, 9 young (9216K), 9 survivors (9216K)
 Metaspace       used 77445K, capacity 81289K, committed 81436K, reserved 1120256K
  class space    used 9623K, capacity 11119K, committed 11132K, reserved 1048576K
}

